# JRE version: OpenJDK Runtime Environment (8.0_111-b15) (build 1.8.0_111-b15)
# Java VM: OpenJDK 64-Bit Server VM (25.111-b15 mixed mode linux-amd64 )
Heap:
 PSYoungGen      total 1730048K, used 1307749K [0x00007fa0eb700000, 0x00007fa18ec80000, 0x00007fa940c00000)
  eden space 1181696K, 64% used [0x00007fa0eb700000,0x00007fa119cba8d8,0x00007fa133900000)
  from space 548352K, 99% used [0x00007fa16d500000,0x00007fa18ec5ed50,0x00007fa18ec80000)
  to   space 714752K, 0% used [0x00007fa137880000,0x00007fa137880000,0x00007fa163280000)
 ParOldGen       total 3590144K, used 1814347K [0x00007f9040c00000, 0x00007f911be00000, 0x00007fa0eb700000)
  object space 3590144K, 50% used [0x00007f9040c00000,0x00007f90af7d2ec0,0x00007f911be00000)
 Metaspace       used 25889K, capacity 26190K, committed 26368K, reserved 26624K
GC Heap History (10 events):
Event: 15.669 GC heap before
{Heap before GC invocations=5 (full 1):
 PSYoungGen      total 601600K, used 597296K [0x00007fa0eb700000, 0x00007fa129800000, 0x00007fa940c00000)
  eden space 516096K, 99% used [0x00007fa0eb700000,0x00007fa10aad2170,0x00007fa10af00000)
  from space 85504K, 99% used [0x00007fa10af00000,0x00007fa110279f20,0x00007fa110280000)
  to   space 85504K, 0% used [0x00007fa124480000,0x00007fa124480000,0x00007fa129800000)
 ParOldGen       total 765440K, used 180369K [0x00007f9040c00000, 0x00007f906f780000, 0x00007fa0eb700000)
  object space 765440K, 23% used [0x00007f9040c00000,0x00007f904bc24660,0x00007f906f780000)
 Metaspace       used 24869K, capacity 25210K, committed 25344K, reserved 26624K
Event: 15.699 GC heap after
Heap after GC invocations=5 (full 1):
 PSYoungGen      total 931328K, used 85479K [0x00007fa0eb700000, 0x00007fa133f00000, 0x00007fa940c00000)
  eden space 845824K, 0% used [0x00007fa0eb700000,0x00007fa0eb700000,0x00007fa11f100000)
  from space 85504K, 99% used [0x00007fa124480000,0x00007fa1297f9ef0,0x00007fa129800000)
  to   space 85504K, 0% used [0x00007fa11f100000,0x00007fa11f100000,0x00007fa124480000)
 ParOldGen       total 765440K, used 688466K [0x00007f9040c00000, 0x00007f906f780000, 0x00007fa0eb700000)
  object space 765440K, 89% used [0x00007f9040c00000,0x00007f906ac549e0,0x00007f906f780000)
 Metaspace       used 24869K, capacity 25210K, committed 25344K, reserved 26624K
}
Event: 15.699 GC heap before
{Heap before GC invocations=6 (full 2):
 PSYoungGen      total 931328K, used 85479K [0x00007fa0eb700000, 0x00007fa133f00000, 0x00007fa940c00000)
  eden space 845824K, 0% used [0x00007fa0eb700000,0x00007fa0eb700000,0x00007fa11f100000)
  from space 85504K, 99% used [0x00007fa124480000,0x00007fa1297f9ef0,0x00007fa129800000)
  to   space 85504K, 0% used [0x00007fa11f100000,0x00007fa11f100000,0x00007fa124480000)
 ParOldGen       total 765440K, used 688466K [0x00007f9040c00000, 0x00007f906f780000, 0x00007fa0eb700000)
  object space 765440K, 89% used [0x00007f9040c00000,0x00007f906ac549e0,0x00007f906f780000)
 Metaspace       used 24869K, capacity 25210K, committed 25344K, reserved 26624K
Event: 15.841 GC heap after
Heap after GC invocations=6 (full 2):
 PSYoungGen      total 931328K, used 0K [0x00007fa0eb700000, 0x00007fa133f00000, 0x00007fa940c00000)
  eden space 845824K, 0% used [0x00007fa0eb700000,0x00007fa0eb700000,0x00007fa11f100000)
  from space 85504K, 0% used [0x00007fa124480000,0x00007fa124480000,0x00007fa129800000)
  to   space 85504K, 0% used [0x00007fa11f100000,0x00007fa11f100000,0x00007fa124480000)
 ParOldGen       total 2134016K, used 761841K [0x00007f9040c00000, 0x00007f90c3000000, 0x00007fa0eb700000)
  object space 2134016K, 35% used [0x00007f9040c00000,0x00007f906f3fc7f8,0x00007f90c3000000)
 Metaspace       used 24869K, capacity 25210K, committed 25344K, reserved 26624K
}
Event: 15.908 GC heap before
{Heap before GC invocations=7 (full 2):
 PSYoungGen      total 931328K, used 845824K [0x00007fa0eb700000, 0x00007fa133f00000, 0x00007fa940c00000)
  eden space 845824K, 100% used [0x00007fa0eb700000,0x00007fa11f100000,0x00007fa11f100000)
  from space 85504K, 0% used [0x00007fa124480000,0x00007fa124480000,0x00007fa129800000)
  to   space 85504K, 0% used [0x00007fa11f100000,0x00007fa11f100000,0x00007fa124480000)
 ParOldGen       total 2134016K, used 761841K [0x00007f9040c00000, 0x00007f90c3000000, 0x00007fa0eb700000)
  object space 2134016K, 35% used [0x00007f9040c00000,0x00007f906f3fc7f8,0x00007f90c3000000)
 Metaspace       used 24870K, capacity 25210K, committed 25344K, reserved 26624K
Event: 15.946 GC heap after
Heap after GC invocations=7 (full 2):
 PSYoungGen      total 931328K, used 78861K [0x00007fa0eb700000, 0x00007fa190800000, 0x00007fa940c00000)
  eden space 845824K, 0% used [0x00007fa0eb700000,0x00007fa0eb700000,0x00007fa11f100000)
  from space 85504K, 92% used [0x00007fa11f100000,0x00007fa123e03430,0x00007fa124480000)
  to   space 576512K, 0% used [0x00007fa16d500000,0x00007fa16d500000,0x00007fa190800000)
 ParOldGen       total 2134016K, used 1504029K [0x00007f9040c00000, 0x00007f90c3000000, 0x00007fa0eb700000)
  object space 2134016K, 70% used [0x00007f9040c00000,0x00007f909c8c77c0,0x00007f90c3000000)
 Metaspace       used 24870K, capacity 25210K, committed 25344K, reserved 26624K
}
Event: 15.946 GC heap before
{Heap before GC invocations=8 (full 3):
 PSYoungGen      total 931328K, used 78861K [0x00007fa0eb700000, 0x00007fa190800000, 0x00007fa940c00000)
  eden space 845824K, 0% used [0x00007fa0eb700000,0x00007fa0eb700000,0x00007fa11f100000)
  from space 85504K, 92% used [0x00007fa11f100000,0x00007fa123e03430,0x00007fa124480000)
  to   space 576512K, 0% used [0x00007fa16d500000,0x00007fa16d500000,0x00007fa190800000)
 ParOldGen       total 2134016K, used 1504029K [0x00007f9040c00000, 0x00007f90c3000000, 0x00007fa0eb700000)
  object space 2134016K, 70% used [0x00007f9040c00000,0x00007f909c8c77c0,0x00007f90c3000000)
 Metaspace       used 24870K, capacity 25210K, committed 25344K, reserved 26624K
Event: 16.144 GC heap after
Heap after GC invocations=8 (full 3):
 PSYoungGen      total 931328K, used 0K [0x00007fa0eb700000, 0x00007fa190800000, 0x00007fa940c00000)
  eden space 845824K, 0% used [0x00007fa0eb700000,0x00007fa0eb700000,0x00007fa11f100000)
  from space 85504K, 0% used [0x00007fa11f100000,0x00007fa11f100000,0x00007fa124480000)
  to   space 576512K, 0% used [0x00007fa16d500000,0x00007fa16d500000,0x00007fa190800000)
 ParOldGen       total 3590144K, used 1579972K [0x00007f9040c00000, 0x00007f911be00000, 0x00007fa0eb700000)
  object space 3590144K, 44% used [0x00007f9040c00000,0x00007f90a12f1230,0x00007f911be00000)
 Metaspace       used 24870K, capacity 25210K, committed 25344K, reserved 26624K
}
Event: 16.179 GC heap before
{Heap before GC invocations=9 (full 3):
 PSYoungGen      total 931328K, used 808924K [0x00007fa0eb700000, 0x00007fa190800000, 0x00007fa940c00000)
  eden space 845824K, 95% used [0x00007fa0eb700000,0x00007fa11ccf7058,0x00007fa11f100000)
  from space 85504K, 0% used [0x00007fa11f100000,0x00007fa11f100000,0x00007fa124480000)
  to   space 576512K, 0% used [0x00007fa16d500000,0x00007fa16d500000,0x00007fa190800000)
 ParOldGen       total 3590144K, used 1579972K [0x00007f9040c00000, 0x00007f911be00000, 0x00007fa0eb700000)
  object space 3590144K, 44% used [0x00007f9040c00000,0x00007f90a12f1230,0x00007f911be00000)
 Metaspace       used 24870K, capacity 25210K, committed 25344K, reserved 26624K
Event: 16.221 GC heap after
Heap after GC invocations=9 (full 3):
 PSYoungGen      total 1730048K, used 548219K [0x00007fa0eb700000, 0x00007fa18ec80000, 0x00007fa940c00000)
  eden space 1181696K, 0% used [0x00007fa0eb700000,0x00007fa0eb700000,0x00007fa133900000)
  from space 548352K, 99% used [0x00007fa16d500000,0x00007fa18ec5ed50,0x00007fa18ec80000)
  to   space 714752K, 0% used [0x00007fa137880000,0x00007fa137880000,0x00007fa163280000)
 ParOldGen       total 3590144K, used 1814347K [0x00007f9040c00000, 0x00007f911be00000, 0x00007fa0eb700000)
  object space 3590144K, 50% used [0x00007f9040c00000,0x00007f90af7d2ec0,0x00007f911be00000)
 Metaspace       used 24870K, capacity 25210K, committed 25344K, reserved 26624K
}

